17:32:00-WARNING-werkzeug- * Debugger is active!
17:32:00-INFO-werkzeug- * Debugger PIN: 114-980-101
17:32:26-INFO-werkzeug- * Detected change in '/Users/anthonyepps/Desktop/School/SP24/CSC-289/group-11/rapid-reservation/api/src/logger.py', reloading
17:32:29-WARNING-werkzeug- * Debugger is active!
17:32:29-INFO-werkzeug- * Debugger PIN: 114-980-101
17:34:52-INFO-werkzeug- * Detected change in '/Users/anthonyepps/Desktop/School/SP24/CSC-289/group-11/rapid-reservation/api/src/logger.py', reloading
17:34:53-WARNING-werkzeug- * Debugger is active!
17:34:53-INFO-werkzeug- * Debugger PIN: 114-980-101
17:42:41-INFO-werkzeug- * Detected change in '/Users/anthonyepps/Desktop/School/SP24/CSC-289/group-11/rapid-reservation/api/src/logger.py', reloading
17:42:43-WARNING-werkzeug- * Debugger is active!
17:42:43-INFO-werkzeug- * Debugger PIN: 114-980-101
17:43:00-INFO-werkzeug-[31m[1mWARNING: This is a development server. Do not use it in a production deployment. Use a production WSGI server instead.[0m
 * Running on http://127.0.0.1:5000
17:43:00-INFO-werkzeug-[33mPress CTRL+C to quit[0m
17:43:00-INFO-werkzeug- * Restarting with stat
17:43:01-WARNING-werkzeug- * Debugger is active!
17:43:01-INFO-werkzeug- * Debugger PIN: 114-980-101
17:48:24-INFO-werkzeug- * Detected change in '/Users/anthonyepps/Desktop/School/SP24/CSC-289/group-11/rapid-reservation/api/src/logger.py', reloading
17:48:24-INFO-werkzeug- * Restarting with stat
17:48:31-WARNING-werkzeug- * Debugger is active!
17:48:31-INFO-werkzeug- * Debugger PIN: 114-980-101
17:55:29-INFO-werkzeug- * Detected change in '/Users/anthonyepps/Desktop/School/SP24/CSC-289/group-11/rapid-reservation/api/src/logger.py', reloading
17:55:29-INFO-werkzeug- * Restarting with stat
17:55:30-WARNING-werkzeug- * Debugger is active!
17:55:30-INFO-werkzeug- * Debugger PIN: 114-980-101
17:55:42-INFO-werkzeug-[31m[1mWARNING: This is a development server. Do not use it in a production deployment. Use a production WSGI server instead.[0m
 * Running on http://127.0.0.1:5000
17:55:42-INFO-werkzeug-[33mPress CTRL+C to quit[0m
17:55:42-INFO-werkzeug- * Restarting with stat
17:55:42-WARNING-werkzeug- * Debugger is active!
17:55:42-INFO-werkzeug- * Debugger PIN: 114-980-101
18:10:47-INFO-werkzeug-[31m[1mWARNING: This is a development server. Do not use it in a production deployment. Use a production WSGI server instead.[0m
 * Running on http://127.0.0.1:5000
18:10:47-INFO-werkzeug-[33mPress CTRL+C to quit[0m
18:10:47-INFO-werkzeug- * Restarting with stat
18:10:48-WARNING-werkzeug- * Debugger is active!
18:10:48-INFO-werkzeug- * Debugger PIN: 114-980-101
